<?xml version="1.0" encoding="UTF-8"?>
<testsuite xmlns:xsi="http://www.w3.org/2001/XMLSchema-instance" xsi:noNamespaceSchemaLocation="https://maven.apache.org/surefire/maven-surefire-plugin/xsd/surefire-test-report.xsd" version="3.0.2" name="com.enterprise.mediaservice.service.MediaServiceTest" time="0.556" tests="9" errors="0" skipped="0" failures="0" flakes="0">
  <properties>
[...]
</properties>
  <testcase name="deleteMedia_Success" classname="com.enterprise.mediaservice.service.MediaServiceTest" time="0.476">
    <system-out><![CDATA[2026-09-09T10:55:31.012+05:30  INFO 40002 --- [media-service] [           main] c.e.mediaservice.service.MediaService    : Media c0ab75d3-a1f6-497b-af78-014909561dd4 soft deleted by user 204fffae-9121-4ef5-8c1d-735d53a349af
]]></system-out>
  </testcase>
  <testcase name="getStreamPlayback_Success_WhenReady" classname="com.enterprise.mediaservice.service.MediaServiceTest" time="0.005"/>
  <testcase name="completeUpload_Success_Image" classname="com.enterprise.mediaservice.service.MediaServiceTest" time="0.004">
    <system-out><![CDATA[2026-09-09T10:55:31.036+05:30  INFO 40002 --- [media-service] [           main] c.e.mediaservice.service.MediaService    : Media 510a6edd-fe35-44f1-a4a4-beac33c8d2cc non-video finalized to READY
]]></system-out>
  </testcase>
  <testcase name="completeUpload_Success_Video" classname="com.enterprise.mediaservice.service.MediaServiceTest" time="0.003">
    <system-out><![CDATA[2026-09-09T10:55:31.040+05:30  INFO 40002 --- [media-service] [           main] c.e.mediaservice.service.MediaService    : Media df78a647-1e9b-4731-88b5-47b27589ecea moved to PROCESSING and transcode job 9ae4cb94-f262-41c2-87f8-ff926707f406 queued
]]></system-out>
  </testcase>
  <testcase name="getStreamPlayback_Throws_WhenNotReady" classname="com.enterprise.mediaservice.service.MediaServiceTest" time="0.026"/>
  <testcase name="completeUpload_Throws_WhenNotOwnerOrAdmin" classname="com.enterprise.mediaservice.service.MediaServiceTest" time="0.004"/>
  <testcase name="createUploadUrl_Fails_WhenFileTooLarge" classname="com.enterprise.mediaservice.service.MediaServiceTest" time="0.002"/>
  <testcase name="createUploadUrl_Fails_WhenInvalidMime" classname="com.enterprise.mediaservice.service.MediaServiceTest" time="0.004"/>
  <testcase name="createUploadUrl_Success_Video" classname="com.enterprise.mediaservice.service.MediaServiceTest" time="0.014">
    <system-out><![CDATA[2026-09-09T10:55:31.103+05:30  INFO 40002 --- [media-service] [           main] c.e.mediaservice.service.MediaService    : Created upload session for media f0ad4ea3-845a-4487-8682-aa2021594ae0 owner 6d72f096-5278-441e-8904-fb7640424121 with 3 parts
]]></system-out>
  </testcase>
</testsuite>