<?xml version="1.0" encoding="UTF-8"?>
<testsuite xmlns:xsi="http://www.w3.org/2001/XMLSchema-instance" xsi:noNamespaceSchemaLocation="https://maven.apache.org/surefire/maven-surefire-plugin/xsd/surefire-test-report.xsd" version="3.0.2" name="com.enterprise.courseservice.service.CourseServiceTest" time="0.103" tests="9" errors="0" skipped="0" failures="0" flakes="0">
  <properties>
[...]
</properties>
  <testcase name="reviewCourse_RejectWithReason_Success" classname="com.enterprise.courseservice.service.CourseServiceTest" time="0.082">
    <system-out><![CDATA[2026-09-09T10:55:24.912+05:30  INFO 39984 --- [course-service] [           main] c.e.courseservice.service.CourseService  : Course 0182bf5a-73b6-43d4-82bf-93db801e7b5a REJECTED. Reason: Audio quality is poor in module 1
]]></system-out>
  </testcase>
  <testcase name="createCourse_Success_InitialStatusDraft" classname="com.enterprise.courseservice.service.CourseServiceTest" time="0.003">
    <system-out><![CDATA[2026-09-09T10:55:24.916+05:30  INFO 39984 --- [course-service] [           main] c.e.courseservice.service.CourseService  : Course created with id 94a16754-2589-4ec7-9e0b-82cee2bd9cb9 and slug mastering-microservices by instructor 546ad131-a2fb-4483-80c1-3ca03ab76272
]]></system-out>
  </testcase>
  <testcase name="submitCourseForReview_FailsWhenNoPublishedLessons" classname="com.enterprise.courseservice.service.CourseServiceTest" time="0.002"/>
  <testcase name="getCourseDetail_DraftNotAccessibleByStranger" classname="com.enterprise.courseservice.service.CourseServiceTest" time="0.002"/>
  <testcase name="submitCourseForReview_Success" classname="com.enterprise.courseservice.service.CourseServiceTest" time="0.003">
    <system-out><![CDATA[2026-09-09T10:55:24.924+05:30  INFO 39984 --- [course-service] [           main] c.e.courseservice.service.CourseService  : Course 388f1737-69e6-4c6b-a8dc-bc59539e3fd0 submitted for review by instructor 295f8228-a9d5-4f74-8c4a-4cc17f95a08e
]]></system-out>
  </testcase>
  <testcase name="reviewCourse_RejectWithoutReason_ThrowsBadRequest" classname="com.enterprise.courseservice.service.CourseServiceTest" time="0.002"/>
  <testcase name="submitCourseForReview_FailsWhenNoModules" classname="com.enterprise.courseservice.service.CourseServiceTest" time="0.002"/>
  <testcase name="reviewCourse_Approve_Success" classname="com.enterprise.courseservice.service.CourseServiceTest" time="0.002">
    <system-out><![CDATA[2026-09-09T10:55:24.931+05:30  INFO 39984 --- [course-service] [           main] c.e.courseservice.service.CourseService  : Course 8cac029c-7c14-4068-b752-657adaa3b419 approved and PUBLISHED
]]></system-out>
  </testcase>
  <testcase name="submitCourseForReview_FailsWhenDescriptionTooShort" classname="com.enterprise.courseservice.service.CourseServiceTest" time="0.001"/>
</testsuite>